<?xml version='1.0' encoding='UTF-8'?>
<testsuite hostname="TDSs-MacBook-Pro.local" name="uk.gov.hmrc.blockandsignalsgdsstore.filters.GzipFilterIntegrationISpec" tests="2" errors="0" failures="0" skipped="0" time="0.126" timestamp="2026-05-20T13:16:07">
          <properties>
[...]
</properties>
          <testcase classname="uk.gov.hmrc.blockandsignalsgdsstore.filters.GzipFilterIntegrationISpec" name="POST /search/results should return gzipped response of the inserted events if 'Accept-Encoding' header was specified" time="0.104">
                      
                    </testcase><testcase classname="uk.gov.hmrc.blockandsignalsgdsstore.filters.GzipFilterIntegrationISpec" name="POST /search/results should return non-gzipped response of the inserted events if 'Accept-Encoding' header was not specified" time="0.022">
                      
                    </testcase>
          <system-out><![CDATA[]]></system-out>
          <system-err><![CDATA[]]></system-err>
        </testsuite>