<?xml version='1.0' encoding='UTF-8'?>
<testsuite hostname="TDSs-MacBook-Pro.local" name="uk.gov.hmrc.blockandsignalsgdsstore.controllers.VersionedSearchControllerISpec" tests="8" errors="0" failures="0" skipped="0" time="2.143" timestamp="2026-05-20T13:16:01">
          <properties>
[...]
</properties>
          <testcase classname="uk.gov.hmrc.blockandsignalsgdsstore.controllers.VersionedSearchControllerISpec" name="POST v2/search/results should return search results for accountIntervention: for accountIntervention search only InitiatingEntity-analyst will return" time="0.472">
                      
                    </testcase><testcase classname="uk.gov.hmrc.blockandsignalsgdsstore.controllers.VersionedSearchControllerISpec" name="POST v2/search/results should return search results for the the other events" time="0.839">
                      
                    </testcase><testcase classname="uk.gov.hmrc.blockandsignalsgdsstore.controllers.VersionedSearchControllerISpec" name="POST v2/search/results should return 403 when there is no user agent" time="0.011">
                      
                    </testcase><testcase classname="uk.gov.hmrc.blockandsignalsgdsstore.controllers.VersionedSearchControllerISpec" name="POST v2/search/results should return 403 when the user agent is not allowed" time="0.011">
                      
                    </testcase><testcase classname="uk.gov.hmrc.blockandsignalsgdsstore.controllers.VersionedSearchControllerISpec" name="POST /search/count should return count correctly: for accountIntervention only InitiatingEntity-analyst will count" time="0.123">
                      
                    </testcase><testcase classname="uk.gov.hmrc.blockandsignalsgdsstore.controllers.VersionedSearchControllerISpec" name="POST /search/count should return count correctly" time="0.68">
                      
                    </testcase><testcase classname="uk.gov.hmrc.blockandsignalsgdsstore.controllers.VersionedSearchControllerISpec" name="POST /search/count should return 403 when there is no user agent" time="0.004">
                      
                    </testcase><testcase classname="uk.gov.hmrc.blockandsignalsgdsstore.controllers.VersionedSearchControllerISpec" name="POST /search/count should return 403 when the user agent is not allowed" time="0.003">
                      
                    </testcase>
          <system-out><![CDATA[]]></system-out>
          <system-err><![CDATA[]]></system-err>
        </testsuite>