<?xml version='1.0' encoding='UTF-8'?>
<testsuite hostname="TDSs-MacBook-Pro.local" name="uk.gov.hmrc.blockandsignalsgdsstore.repositories.EventDocumentRepositoryISpec" tests="14" errors="0" failures="0" skipped="0" time="0.424" timestamp="2026-05-20T13:16:08">
          <properties>
[...]
</properties>
          <testcase classname="uk.gov.hmrc.blockandsignalsgdsstore.repositories.EventDocumentRepositoryISpec" name="EventDocumentRepository mongo repository should configure TTL correctly" time="0.009">
                      
                    </testcase><testcase classname="uk.gov.hmrc.blockandsignalsgdsstore.repositories.EventDocumentRepositoryISpec" name="EventDocumentRepository mongo repository should ensure only EventDocument with unique eventId value can be added" time="0.019">
                      
                    </testcase><testcase classname="uk.gov.hmrc.blockandsignalsgdsstore.repositories.EventDocumentRepositoryISpec" name="EventDocumentRepository mongo repository should insert an EventDocument only" time="0.013">
                      
                    </testcase><testcase classname="uk.gov.hmrc.blockandsignalsgdsstore.repositories.EventDocumentRepositoryISpec" name="EventDocumentRepository mongo repository should insert and search when eventType is AccountIntervention, initiatingEntity is Analyst" time="0.024">
                      
                    </testcase><testcase classname="uk.gov.hmrc.blockandsignalsgdsstore.repositories.EventDocumentRepositoryISpec" name="EventDocumentRepository mongo repository should insert and search when eventType AccountIntervention, initiatingEntity is not Analyst" time="0.012">
                      
                    </testcase><testcase classname="uk.gov.hmrc.blockandsignalsgdsstore.repositories.EventDocumentRepositoryISpec" name="EventDocumentRepository mongo repository should insert and search when eventType is AccountConcern, with dateFrom and dateTo fields" time="0.032">
                      
                    </testcase><testcase classname="uk.gov.hmrc.blockandsignalsgdsstore.repositories.EventDocumentRepositoryISpec" name="EventDocumentRepository mongo repository should insert and search when eventType is AccountIntervention, with dateFrom and dateTo fields" time="0.024">
                      
                    </testcase><testcase classname="uk.gov.hmrc.blockandsignalsgdsstore.repositories.EventDocumentRepositoryISpec" name="EventDocumentRepository mongo repository should insert and search when eventType is AccountIntervention, with dateFrom, dateTo and single subjectId fields" time="0.021">
                      
                    </testcase><testcase classname="uk.gov.hmrc.blockandsignalsgdsstore.repositories.EventDocumentRepositoryISpec" name="EventDocumentRepository mongo repository should return correct search results when the filters are dateFrom, dateTo and multiple subjectId fields" time="0.018">
                      
                    </testcase><testcase classname="uk.gov.hmrc.blockandsignalsgdsstore.repositories.EventDocumentRepositoryISpec" name="EventDocumentRepository mongo repository should return correct search results when the filters are dateFrom, dateTo and single credId fields" time="0.019">
                      
                    </testcase><testcase classname="uk.gov.hmrc.blockandsignalsgdsstore.repositories.EventDocumentRepositoryISpec" name="EventDocumentRepository mongo repository should return correct search results when the filters are dateFrom, dateTo and multiple credId fields" time="0.055">
                      
                    </testcase><testcase classname="uk.gov.hmrc.blockandsignalsgdsstore.repositories.EventDocumentRepositoryISpec" name="EventDocumentRepository mongo repository should return correct search results when insert documents to collection and search AccountIntervention with dateFrom, dateTo, credId, subjectId, and eventType fields" time="0.077">
                      
                    </testcase><testcase classname="uk.gov.hmrc.blockandsignalsgdsstore.repositories.EventDocumentRepositoryISpec" name="EventDocumentRepository mongo repository should return correct search results when the filters are credentialType, reasonAdmin, reasonUser, emailAddress, interventionCode and eventType AccountConcernDetails" time="0.065">
                      
                    </testcase><testcase classname="uk.gov.hmrc.blockandsignalsgdsstore.repositories.EventDocumentRepositoryISpec" name="EventDocumentRepository mongo repository should return correct search results when the filters are multiple credentialType, reasonAdmin, reasonUser, emailAddress, interventionCode and eventType AccountConcernDetails" time="0.036">
                      
                    </testcase>
          <system-out><![CDATA[]]></system-out>
          <system-err><![CDATA[]]></system-err>
        </testsuite>