<?xml version='1.0' encoding='UTF-8'?>
<testsuite hostname="TDSs-MacBook-Pro.local" name="uk.gov.hmrc.blockandsignalsgdsstore.controllers.LargeResultsVersionedSearchResultsISpec" tests="1" errors="0" failures="1" skipped="0" time="0.264" timestamp="2026-05-20T13:16:11">
          <properties>
[...]
</properties>
          <testcase classname="uk.gov.hmrc.blockandsignalsgdsstore.controllers.LargeResultsVersionedSearchResultsISpec" name="POST /v2/search/results should return a large result ok" time="0.264">
                      <failure message="204 was not equal to 200" type="org.scalatest.exceptions.TestFailedException">org.scalatest.exceptions.TestFailedException: 204 was not equal to 200
	at org.scalatest.matchers.MatchersHelper$.indicateFailure(MatchersHelper.scala:392)
	at org.scalatest.matchers.should.Matchers.shouldBe(Matchers.scala:7017)
	at org.scalatest.matchers.should.Matchers.shouldBe$(Matchers.scala:1808)
	at uk.gov.hmrc.blockandsignalsgdsstore.controllers.LargeResultsVersionedSearchResultsISpec.shouldBe(LargeResultsVersionedSearchResultsISpec.scala:28)
	at uk.gov.hmrc.blockandsignalsgdsstore.controllers.LargeResultsVersionedSearchResultsISpec.f$proxy2$1(LargeResultsVersionedSearchResultsISpec.scala:107)
	at uk.gov.hmrc.blockandsignalsgdsstore.controllers.LargeResultsVersionedSearchResultsISpec.$init$$$anonfun$1$$anonfun$1(LargeResultsVersionedSearchResultsISpec.scala:72)
	at org.scalatest.Transformer.apply$$anonfun$1(Transformer.scala:22)
	at org.scalatest.OutcomeOf.outcomeOf(OutcomeOf.scala:85)
	at org.scalatest.OutcomeOf.outcomeOf$(OutcomeOf.scala:31)
	at org.scalatest.OutcomeOf$.outcomeOf(OutcomeOf.scala:104)
	at org.scalatest.Transformer.apply(Transformer.scala:22)
	at org.scalatest.Transformer.apply(Transformer.scala:21)
	at org.scalatest.wordspec.AnyWordSpecLike$$anon$3.apply(AnyWordSpecLike.scala:1118)
	at org.scalatest.TestSuite.withFixture(TestSuite.scala:196)
	at org.scalatest.TestSuite.withFixture$(TestSuite.scala:138)
	at org.scalatest.wordspec.AnyWordSpec.withFixture(AnyWordSpec.scala:1879)
	at org.scalatest.wordspec.AnyWordSpecLike.invokeWithFixture$1(AnyWordSpecLike.scala:1124)
	at org.scalatest.wordspec.AnyWordSpecLike.runTest$$anonfun$1(AnyWordSpecLike.scala:1128)
	at org.scalatest.SuperEngine.runTestImpl(Engine.scala:306)
	at org.scalatest.wordspec.AnyWordSpecLike.runTest(AnyWordSpecLike.scala:1128)
	at org.scalatest.wordspec.AnyWordSpecLike.runTest$(AnyWordSpecLike.scala:44)
	at uk.gov.hmrc.blockandsignalsgdsstore.controllers.LargeResultsVersionedSearchResultsISpec.org$scalatest$BeforeAndAfterEach$$super$runTest(LargeResultsVersionedSearchResultsISpec.scala:28)
	at org.scalatest.BeforeAndAfterEach.runTest(BeforeAndAfterEach.scala:234)
	at org.scalatest.BeforeAndAfterEach.runTest$(BeforeAndAfterEach.scala:122)
	at uk.gov.hmrc.blockandsignalsgdsstore.controllers.LargeResultsVersionedSearchResultsISpec.runTest(LargeResultsVersionedSearchResultsISpec.scala:28)
	at org.scalatest.wordspec.AnyWordSpecLike.runTests$$anonfun$1(AnyWordSpecLike.scala:1187)
	at org.scalatest.SuperEngine.traverseSubNodes$1$$anonfun$1(Engine.scala:413)
	at scala.runtime.function.JProcedure1.apply(JProcedure1.java:15)
	at scala.runtime.function.JProcedure1.apply(JProcedure1.java:10)
	at scala.collection.immutable.List.foreach(List.scala:334)
	at org.scalatest.SuperEngine.traverseSubNodes$1(Engine.scala:429)
	at org.scalatest.SuperEngine.runTestsInBranch(Engine.scala:390)
	at org.scalatest.SuperEngine.traverseSubNodes$1$$anonfun$1(Engine.scala:427)
	at scala.runtime.function.JProcedure1.apply(JProcedure1.java:15)
	at scala.runtime.function.JProcedure1.apply(JProcedure1.java:10)
	at scala.collection.immutable.List.foreach(List.scala:334)
	at org.scalatest.SuperEngine.traverseSubNodes$1(Engine.scala:429)
	at org.scalatest.SuperEngine.runTestsInBranch(Engine.scala:396)
	at org.scalatest.SuperEngine.runTestsImpl(Engine.scala:475)
	at org.scalatest.wordspec.AnyWordSpecLike.runTests(AnyWordSpecLike.scala:1187)
	at org.scalatest.wordspec.AnyWordSpecLike.runTests$(AnyWordSpecLike.scala:44)
	at org.scalatest.wordspec.AnyWordSpec.runTests(AnyWordSpec.scala:1879)
	at org.scalatest.Suite.run(Suite.scala:1114)
	at org.scalatest.Suite.run$(Suite.scala:564)
	at org.scalatest.wordspec.AnyWordSpec.org$scalatest$wordspec$AnyWordSpecLike$$super$run(AnyWordSpec.scala:1879)
	at org.scalatest.wordspec.AnyWordSpecLike.run$$anonfun$1(AnyWordSpecLike.scala:1232)
	at org.scalatest.SuperEngine.runImpl(Engine.scala:535)
	at org.scalatest.wordspec.AnyWordSpecLike.run(AnyWordSpecLike.scala:1232)
	at org.scalatest.wordspec.AnyWordSpecLike.run$(AnyWordSpecLike.scala:44)
	at uk.gov.hmrc.blockandsignalsgdsstore.controllers.LargeResultsVersionedSearchResultsISpec.org$scalatestplus$play$BaseOneServerPerSuite$$super$run(LargeResultsVersionedSearchResultsISpec.scala:28)
	at org.scalatestplus.play.BaseOneServerPerSuite.run(BaseOneServerPerSuite.scala:166)
	at org.scalatestplus.play.BaseOneServerPerSuite.run$(BaseOneServerPerSuite.scala:138)
	at uk.gov.hmrc.blockandsignalsgdsstore.controllers.LargeResultsVersionedSearchResultsISpec.run(LargeResultsVersionedSearchResultsISpec.scala:28)
	at org.scalatest.tools.Framework.org$scalatest$tools$Framework$$runSuite(Framework.scala:321)
	at org.scalatest.tools.Framework$ScalaTestTask.execute(Framework.scala:517)
	at sbt.TestRunner.runTest$1(TestFramework.scala:153)
	at sbt.TestRunner.run(TestFramework.scala:168)
	at sbt.TestFramework$$anon$3$$anonfun$$lessinit$greater$1.$anonfun$apply$1(TestFramework.scala:336)
	at sbt.TestFramework$.sbt$TestFramework$$withContextLoader(TestFramework.scala:296)
	at sbt.TestFramework$$anon$3$$anonfun$$lessinit$greater$1.apply(TestFramework.scala:336)
	at sbt.TestFramework$$anon$3$$anonfun$$lessinit$greater$1.apply(TestFramework.scala:336)
	at sbt.TestFunction.apply(TestFramework.scala:348)
	at sbt.Tests$.processRunnable$1(Tests.scala:475)
	at sbt.Tests$.$anonfun$makeSerial$1(Tests.scala:481)
	at sbt.std.Transform$$anon$3.$anonfun$apply$2(Transform.scala:47)
	at sbt.std.Transform$$anon$4.work(Transform.scala:69)
	at sbt.Execute.$anonfun$submit$2(Execute.scala:283)
	at sbt.internal.util.ErrorHandling$.wideConvert(ErrorHandling.scala:24)
	at sbt.Execute.work(Execute.scala:292)
	at sbt.Execute.$anonfun$submit$1(Execute.scala:283)
	at sbt.ConcurrentRestrictions$$anon$4.$anonfun$submitValid$1(ConcurrentRestrictions.scala:265)
	at sbt.CompletionService$$anon$2.call(CompletionService.scala:65)
	at java.base/java.util.concurrent.FutureTask.run(FutureTask.java:317)
	at java.base/java.util.concurrent.Executors$RunnableAdapter.call(Executors.java:572)
	at java.base/java.util.concurrent.FutureTask.run(FutureTask.java:317)
	at java.base/java.util.concurrent.ThreadPoolExecutor.runWorker(ThreadPoolExecutor.java:1144)
	at java.base/java.util.concurrent.ThreadPoolExecutor$Worker.run(ThreadPoolExecutor.java:642)
	at java.base/java.lang.Thread.run(Thread.java:1583)
</failure>
                    </testcase>
          <system-out><![CDATA[]]></system-out>
          <system-err><![CDATA[]]></system-err>
        </testsuite>